[2018-08-30 11:12:30,632] - logger.py] - INFO: ------登录成功用例：start!---------
[2018-08-30 11:12:30,637] - logger.py] - INFO: 输入正确账号：这里是抓包后获取的博客园的加密账号
[2018-08-30 11:12:30,638] - logger.py] - INFO: 输入正确密码：这里是抓包后获取的博客园的加密密码
[2018-08-30 11:12:32,055] - logger.py] - INFO: 博客园登录结果：{"success":false}
[2018-08-30 11:12:32,059] - logger.py] - INFO: 获取测试结果：{u'success': False}
[2018-08-30 11:12:32,062] - logger.py] - INFO: ------登录失败用例：start!---------
[2018-08-30 11:12:32,063] - logger.py] - INFO: 输入正确账号：这里是抓包后获取的博客园的加密账号
[2018-08-30 11:12:32,065] - logger.py] - INFO: 输入错误密码：这里是抓包后获取的博客园的加密账号
[2018-08-30 11:12:32,170] - logger.py] - INFO: 博客园登录结果：{"success":false}
[2018-08-30 11:12:32,173] - logger.py] - INFO: 获取测试结果：{u'success': False}
[2018-08-30 11:12:32,174] - logger.py] - INFO: ------pass!---------
[2018-08-30 11:12:32,176] - logger.py] - INFO: ----------start!-------
[2018-08-30 11:12:32,180] - logger.py] - INFO: 测试单号：560697415000  快递名称：天天快递
[2018-08-30 11:12:32,181] - logger.py] - INFO: 测试url地址：http://www.kuaidi.com/index-ajaxselectcourierinfo-560697415000-tiantian.html
[2018-08-30 11:12:32,282] - logger.py] - INFO: 获取请求结果：{u'status': 0, u'exceed': u'', u'ico': u'', u'success': False, u'url': u'', u'company': None, u'timeused': u'--', u'rank': u'2.8', u'phone': u'', u'reason': u'\u5feb\u9012\u516c\u53f8\u53c2\u6570\u5f02\u5e38\uff1a\u5355\u53f7\u4e0d\u5b58\u5728\u6216\u8005\u5df2\u7ecf\u8fc7\u671f', u'time': u'', u'data': u'', u'nu': u'560697415000', u'companytype': u'tiantian'}
[2018-08-30 11:12:32,283] - logger.py] - INFO: 获取公司名称：None
[2018-08-30 11:12:32,286] - logger.py] - INFO: 获取data内容：
[2018-08-30 11:12:32,289] - logger.py] - INFO: ----------start!-------
[2018-08-30 11:12:32,292] - logger.py] - INFO: 测试单号：1202247993797  快递名称：韵达快递
[2018-08-30 11:12:32,293] - logger.py] - INFO: 测试url地址：http://www.kuaidi.com/index-ajaxselectcourierinfo-1202247993797-yunda.html
[2018-08-30 11:12:32,378] - logger.py] - INFO: 获取请求结果：{u'status': 0, u'exceed': u'', u'ico': u'', u'success': False, u'url': u'', u'company': None, u'timeused': u'--', u'rank': u'2.8', u'phone': u'', u'reason': u'\u5feb\u9012\u516c\u53f8\u53c2\u6570\u5f02\u5e38\uff1a\u5355\u53f7\u4e0d\u5b58\u5728\u6216\u8005\u5df2\u7ecf\u8fc7\u671f', u'time': u'', u'data': u'', u'nu': u'1202247993797', u'companytype': u'yunda'}
[2018-08-30 11:12:32,381] - logger.py] - INFO: 获取公司名称：None
[2018-08-30 11:12:32,382] - logger.py] - INFO: 获取data内容：
[2018-08-30 11:12:32,385] - logger.py] - INFO: ------start!--------
[2018-08-30 11:12:32,388] - logger.py] - INFO: 第一步：登录
[2018-08-30 11:12:32,813] - logger.py] - INFO: 调用登录方法，获取结果：{"success":false,"message":"验证码缓存已失效"}
[2018-08-30 11:12:32,816] - logger.py] - INFO: 第二步：保存
[2018-08-30 11:12:33,127] - logger.py] - INFO: 调用保存草稿箱方法，获取结果：<Response [200]>
[2018-08-30 11:12:33,131] - logger.py] - INFO: 正则提取postid，获取结果：[]
[2018-08-30 11:12:33,134] - logger.py] - INFO: ------start!--------
[2018-08-30 11:12:33,292] - logger.py] - INFO: 调用登录方法，获取结果：{"success":false,"message":"验证码缓存已失效"}
[2018-08-30 11:12:33,295] - logger.py] - INFO: 调用登录结果：{u'message': u'\u9a8c\u8bc1\u7801\u7f13\u5b58\u5df2\u5931\u6548', u'success': False}
[2018-08-30 11:12:33,298] - logger.py] - INFO: 获取是否登录成功：False
[2018-08-30 12:53:15,377] - logger.py] - INFO: ------登录成功用例：start!---------
[2018-08-30 12:53:15,380] - logger.py] - INFO: 输入正确账号：这里是抓包后获取的博客园的加密账号
[2018-08-30 12:53:15,382] - logger.py] - INFO: 输入正确密码：这里是抓包后获取的博客园的加密密码
[2018-08-30 12:53:16,285] - logger.py] - INFO: 博客园登录结果：{"success":false}
[2018-08-30 12:53:16,286] - logger.py] - INFO: 获取测试结果：{u'success': False}
[2018-08-30 12:53:16,289] - logger.py] - INFO: ------登录失败用例：start!---------
[2018-08-30 12:53:16,296] - logger.py] - INFO: 输入正确账号：这里是抓包后获取的博客园的加密账号
[2018-08-30 12:53:16,298] - logger.py] - INFO: 输入错误密码：这里是抓包后获取的博客园的加密账号
[2018-08-30 12:53:16,418] - logger.py] - INFO: 博客园登录结果：{"success":false}
[2018-08-30 12:53:16,421] - logger.py] - INFO: 获取测试结果：{u'success': False}
[2018-08-30 12:53:16,424] - logger.py] - INFO: ------pass!---------
[2018-08-30 12:53:16,426] - logger.py] - INFO: ----------start!-------
[2018-08-30 12:53:16,427] - logger.py] - INFO: 测试单号：560697415000  快递名称：天天快递
[2018-08-30 12:53:16,427] - logger.py] - INFO: 测试url地址：http://www.kuaidi.com/index-ajaxselectcourierinfo-560697415000-tiantian.html
[2018-08-30 12:53:16,529] - logger.py] - INFO: 获取请求结果：{u'status': 0, u'exceed': u'', u'ico': u'', u'success': False, u'url': u'', u'company': None, u'timeused': u'--', u'rank': u'2.8', u'phone': u'', u'reason': u'\u5feb\u9012\u516c\u53f8\u53c2\u6570\u5f02\u5e38\uff1a\u5355\u53f7\u4e0d\u5b58\u5728\u6216\u8005\u5df2\u7ecf\u8fc7\u671f', u'time': u'', u'data': u'', u'nu': u'560697415000', u'companytype': u'tiantian'}
[2018-08-30 12:53:16,530] - logger.py] - INFO: 获取公司名称：None
[2018-08-30 12:53:16,532] - logger.py] - INFO: 获取data内容：
[2018-08-30 12:53:16,536] - logger.py] - INFO: ----------start!-------
[2018-08-30 12:53:16,538] - logger.py] - INFO: 测试单号：1202247993797  快递名称：韵达快递
[2018-08-30 12:53:16,539] - logger.py] - INFO: 测试url地址：http://www.kuaidi.com/index-ajaxselectcourierinfo-1202247993797-yunda.html
[2018-08-30 12:53:16,657] - logger.py] - INFO: 获取请求结果：{u'status': 0, u'exceed': u'', u'ico': u'', u'success': False, u'url': u'', u'company': None, u'timeused': u'--', u'rank': u'2.8', u'phone': u'', u'reason': u'\u5feb\u9012\u516c\u53f8\u53c2\u6570\u5f02\u5e38\uff1a\u5355\u53f7\u4e0d\u5b58\u5728\u6216\u8005\u5df2\u7ecf\u8fc7\u671f', u'time': u'', u'data': u'', u'nu': u'1202247993797', u'companytype': u'yunda'}
[2018-08-30 12:53:16,661] - logger.py] - INFO: 获取公司名称：None
[2018-08-30 12:53:16,665] - logger.py] - INFO: 获取data内容：
[2018-08-30 12:53:16,671] - logger.py] - INFO: ------start!--------
[2018-08-30 12:53:16,674] - logger.py] - INFO: 第一步：登录
[2018-08-30 12:53:16,878] - logger.py] - INFO: 调用登录方法，获取结果：{"success":false,"message":"验证码缓存已失效"}
[2018-08-30 12:53:16,881] - logger.py] - INFO: 第二步：保存
[2018-08-30 12:53:18,285] - logger.py] - INFO: 调用保存草稿箱方法，获取结果：<Response [200]>
[2018-08-30 12:53:18,289] - logger.py] - INFO: 正则提取postid，获取结果：[]
[2018-08-30 12:53:18,293] - logger.py] - INFO: ------start!--------
[2018-08-30 12:53:18,463] - logger.py] - INFO: 调用登录方法，获取结果：{"success":false,"message":"验证码缓存已失效"}
[2018-08-30 12:53:18,466] - logger.py] - INFO: 调用登录结果：{u'message': u'\u9a8c\u8bc1\u7801\u7f13\u5b58\u5df2\u5931\u6548', u'success': False}
[2018-08-30 12:53:18,469] - logger.py] - INFO: 获取是否登录成功：False
[2018-08-30 13:35:20,032] - logger.py] - INFO: ------登录成功用例：start!---------
[2018-08-30 13:35:20,033] - logger.py] - INFO: 输入正确账号：这里是抓包后获取的博客园的加密账号
[2018-08-30 13:35:20,036] - logger.py] - INFO: 输入正确密码：这里是抓包后获取的博客园的加密密码
[2018-08-30 13:35:20,756] - logger.py] - INFO: 博客园登录结果：{"success":false}
[2018-08-30 13:35:20,759] - logger.py] - INFO: 获取测试结果：{u'success': False}
[2018-08-30 13:35:20,763] - logger.py] - INFO: ------登录失败用例：start!---------
[2018-08-30 13:35:20,766] - logger.py] - INFO: 输入正确账号：这里是抓包后获取的博客园的加密账号
[2018-08-30 13:35:20,770] - logger.py] - INFO: 输入错误密码：这里是抓包后获取的博客园的加密账号
[2018-08-30 13:35:20,905] - logger.py] - INFO: 博客园登录结果：{"success":false}
[2018-08-30 13:35:20,910] - logger.py] - INFO: 获取测试结果：{u'success': False}
[2018-08-30 13:35:20,913] - logger.py] - INFO: ------pass!---------
[2018-08-30 13:35:20,917] - logger.py] - INFO: ----------start!-------
[2018-08-30 13:35:20,921] - logger.py] - INFO: 测试单号：560697415000  快递名称：天天快递
[2018-08-30 13:35:20,924] - logger.py] - INFO: 测试url地址：http://www.kuaidi.com/index-ajaxselectcourierinfo-560697415000-tiantian.html
[2018-08-30 13:35:21,029] - logger.py] - INFO: 获取请求结果：{u'status': 0, u'exceed': u'', u'ico': u'', u'success': False, u'url': u'', u'company': None, u'timeused': u'--', u'rank': u'2.8', u'phone': u'', u'reason': u'\u5feb\u9012\u516c\u53f8\u53c2\u6570\u5f02\u5e38\uff1a\u5355\u53f7\u4e0d\u5b58\u5728\u6216\u8005\u5df2\u7ecf\u8fc7\u671f', u'time': u'', u'data': u'', u'nu': u'560697415000', u'companytype': u'tiantian'}
[2018-08-30 13:35:21,032] - logger.py] - INFO: 获取公司名称：None
[2018-08-30 13:35:21,036] - logger.py] - INFO: 获取data内容：
[2018-08-30 13:35:21,040] - logger.py] - INFO: ----------start!-------
[2018-08-30 13:35:21,043] - logger.py] - INFO: 测试单号：1202247993797  快递名称：韵达快递
[2018-08-30 13:35:21,048] - logger.py] - INFO: 测试url地址：http://www.kuaidi.com/index-ajaxselectcourierinfo-1202247993797-yunda.html
[2018-08-30 13:35:21,204] - logger.py] - INFO: 获取请求结果：{u'status': 0, u'exceed': u'', u'ico': u'', u'success': False, u'url': u'', u'company': None, u'timeused': u'--', u'rank': u'2.8', u'phone': u'', u'reason': u'\u5feb\u9012\u516c\u53f8\u53c2\u6570\u5f02\u5e38\uff1a\u5355\u53f7\u4e0d\u5b58\u5728\u6216\u8005\u5df2\u7ecf\u8fc7\u671f', u'time': u'', u'data': u'', u'nu': u'1202247993797', u'companytype': u'yunda'}
[2018-08-30 13:35:21,209] - logger.py] - INFO: 获取公司名称：None
[2018-08-30 13:35:21,211] - logger.py] - INFO: 获取data内容：
[2018-08-30 13:35:21,217] - logger.py] - INFO: ------start!--------
[2018-08-30 13:35:21,219] - logger.py] - INFO: 第一步：登录
[2018-08-30 13:35:21,563] - logger.py] - INFO: 调用登录方法，获取结果：{"success":false,"message":"验证码缓存已失效"}
[2018-08-30 13:35:21,568] - logger.py] - INFO: 第二步：保存
[2018-08-30 13:35:21,900] - logger.py] - INFO: 调用保存草稿箱方法，获取结果：<Response [200]>
[2018-08-30 13:35:21,903] - logger.py] - INFO: 正则提取postid，获取结果：[]
[2018-08-30 13:35:21,907] - logger.py] - INFO: ------start!--------
[2018-08-30 13:35:22,073] - logger.py] - INFO: 调用登录方法，获取结果：{"success":false,"message":"验证码缓存已失效"}
[2018-08-30 13:35:22,076] - logger.py] - INFO: 调用登录结果：{u'message': u'\u9a8c\u8bc1\u7801\u7f13\u5b58\u5df2\u5931\u6548', u'success': False}
[2018-08-30 13:35:22,079] - logger.py] - INFO: 获取是否登录成功：False
[2018-08-30 13:51:29,971] - logger.py] - INFO: ------登录成功用例：start!---------
[2018-08-30 13:51:29,974] - logger.py] - INFO: 输入正确账号：这里是抓包后获取的博客园的加密账号
[2018-08-30 13:51:29,976] - logger.py] - INFO: 输入正确密码：这里是抓包后获取的博客园的加密密码
[2018-08-30 13:51:30,823] - logger.py] - INFO: 博客园登录结果：{"success":false}
[2018-08-30 13:51:30,825] - logger.py] - INFO: 获取测试结果：{u'success': False}
[2018-08-30 13:51:30,828] - logger.py] - INFO: ------登录失败用例：start!---------
[2018-08-30 13:51:30,831] - logger.py] - INFO: 输入正确账号：这里是抓包后获取的博客园的加密账号
[2018-08-30 13:51:30,835] - logger.py] - INFO: 输入错误密码：这里是抓包后获取的博客园的加密账号
[2018-08-30 13:51:30,953] - logger.py] - INFO: 博客园登录结果：{"success":false}
[2018-08-30 13:51:30,957] - logger.py] - INFO: 获取测试结果：{u'success': False}
[2018-08-30 13:51:30,960] - logger.py] - INFO: ------pass!---------
[2018-08-30 13:51:30,960] - logger.py] - INFO: ----------start!-------
[2018-08-30 13:51:30,961] - logger.py] - INFO: 测试单号：560697415000  快递名称：天天快递
[2018-08-30 13:51:30,963] - logger.py] - INFO: 测试url地址：http://www.kuaidi.com/index-ajaxselectcourierinfo-560697415000-tiantian.html
[2018-08-30 13:51:31,076] - logger.py] - INFO: 获取请求结果：{u'status': 0, u'exceed': u'', u'ico': u'', u'success': False, u'url': u'', u'company': None, u'timeused': u'--', u'rank': u'2.8', u'phone': u'', u'reason': u'\u5feb\u9012\u516c\u53f8\u53c2\u6570\u5f02\u5e38\uff1a\u5355\u53f7\u4e0d\u5b58\u5728\u6216\u8005\u5df2\u7ecf\u8fc7\u671f', u'time': u'', u'data': u'', u'nu': u'560697415000', u'companytype': u'tiantian'}
[2018-08-30 13:51:31,078] - logger.py] - INFO: 获取公司名称：None
[2018-08-30 13:51:31,081] - logger.py] - INFO: 获取data内容：
[2018-08-30 13:51:31,085] - logger.py] - INFO: ----------start!-------
[2018-08-30 13:51:31,088] - logger.py] - INFO: 测试单号：1202247993797  快递名称：韵达快递
[2018-08-30 13:51:31,089] - logger.py] - INFO: 测试url地址：http://www.kuaidi.com/index-ajaxselectcourierinfo-1202247993797-yunda.html
[2018-08-30 13:51:31,187] - logger.py] - INFO: 获取请求结果：{u'status': 0, u'exceed': u'', u'ico': u'', u'success': False, u'url': u'', u'company': None, u'timeused': u'--', u'rank': u'2.8', u'phone': u'', u'reason': u'\u5feb\u9012\u516c\u53f8\u53c2\u6570\u5f02\u5e38\uff1a\u5355\u53f7\u4e0d\u5b58\u5728\u6216\u8005\u5df2\u7ecf\u8fc7\u671f', u'time': u'', u'data': u'', u'nu': u'1202247993797', u'companytype': u'yunda'}
[2018-08-30 13:51:31,190] - logger.py] - INFO: 获取公司名称：None
[2018-08-30 13:51:31,193] - logger.py] - INFO: 获取data内容：
[2018-08-30 13:51:31,196] - logger.py] - INFO: ------start!--------
[2018-08-30 13:51:31,197] - logger.py] - INFO: 第一步：登录
[2018-08-30 13:51:31,315] - logger.py] - INFO: 调用登录方法，获取结果：{"success":false,"message":"验证码缓存已失效"}
[2018-08-30 13:51:31,319] - logger.py] - INFO: 第二步：保存
[2018-08-30 13:51:31,838] - logger.py] - INFO: 调用保存草稿箱方法，获取结果：<Response [200]>
[2018-08-30 13:51:31,841] - logger.py] - INFO: 正则提取postid，获取结果：[]
[2018-08-30 13:51:31,845] - logger.py] - INFO: ------start!--------
[2018-08-30 13:51:32,022] - logger.py] - INFO: 调用登录方法，获取结果：{"success":false,"message":"验证码缓存已失效"}
[2018-08-30 13:51:32,026] - logger.py] - INFO: 调用登录结果：{u'message': u'\u9a8c\u8bc1\u7801\u7f13\u5b58\u5df2\u5931\u6548', u'success': False}
[2018-08-30 13:51:32,028] - logger.py] - INFO: 获取是否登录成功：False
