[2018-11-07 09:23:25,355] - logger.py] - INFO: ------天气：start!---------
[2018-11-07 09:36:12,447] - logger.py] - INFO: ------天气：start!---------
[2018-11-07 09:37:10,394] - logger.py] - INFO: ------天气：start!---------
[2018-11-07 09:39:29,290] - logger.py] - INFO: ------天气：start!---------
[2018-11-07 09:41:56,750] - logger.py] - INFO: ------天气：start!---------
[2018-11-07 09:42:06,071] - logger.py] - INFO: ----------pass!-------
[2018-11-07 09:53:35,279] - logger.py] - INFO: ------天气：start!---------
[2018-11-07 09:53:43,082] - logger.py] - INFO: ----------天气pass!-------
[2018-11-07 09:54:48,493] - logger.py] - INFO: ------天气：start!---------
[2018-11-07 09:54:56,734] - logger.py] - INFO: ----------天气pass!-------
[2018-11-07 09:57:16,713] - logger.py] - INFO: ------天气：start!---------
[2018-11-07 09:57:22,318] - logger.py] - INFO: ----------天气pass!-------
[2018-11-07 10:16:07,989] - logger.py] - INFO: ------分享：start!---------
[2018-11-07 10:16:15,898] - logger.py] - INFO: ----------分享pass!-------
[2018-11-07 10:16:49,101] - logger.py] - INFO: ------分享：start!---------
[2018-11-07 10:41:39,755] - logger.py] - INFO: ------报警：start!---------
[2018-11-07 10:43:11,595] - logger.py] - INFO: ------报警：start!---------
[2018-11-07 10:44:23,631] - logger.py] - INFO: ------报警：start!---------
[2018-11-07 10:45:00,658] - logger.py] - INFO: ------报警：start!---------
[2018-11-07 10:47:08,582] - logger.py] - INFO: ------报警：start!---------
[2018-11-07 10:48:38,130] - logger.py] - INFO: ------报警：start!---------
[2018-11-07 10:49:17,302] - logger.py] - INFO: ------报警：start!---------
[2018-11-07 16:46:40,124] - logger.py] - INFO: ------报警：start!---------
[2018-11-07 16:47:45,980] - logger.py] - INFO: ------报警：start!---------
[2018-11-07 16:55:58,246] - logger.py] - INFO: ------报警：start!---------
[2018-11-07 16:57:18,825] - logger.py] - INFO: ------报警：start!---------
[2018-11-07 16:59:51,486] - logger.py] - INFO: ------报警：start!---------
[2018-11-07 17:36:37,415] - logger.py] - INFO: ------报警：start!---------
[2018-11-07 17:40:18,032] - logger.py] - INFO: ------报警：start!---------
[2018-11-07 17:44:54,194] - logger.py] - INFO: ------报警：start!---------
[2018-11-07 17:47:11,279] - logger.py] - INFO: ------报警：start!---------
[2018-11-07 17:51:05,154] - logger.py] - INFO: ------报警：start!---------
[2018-11-07 17:58:21,697] - logger.py] - INFO: ------报警：start!---------
[2018-11-07 18:02:50,476] - logger.py] - INFO: ------报警：start!---------
